<?xml version="1.0" encoding="UTF-8"?>
<!-- Generated by org.testng.reporters.JUnitReportReporter -->
<testsuite skipped="0" hostname="IN2321829W2" name="E2E_project.inputFormSubmit_testcase3" tests="1" failures="0" timestamp="2021-05-09T17:26:50 IST" time="4.107" errors="0">
  <testcase name="inputFormSubmit_tc3_m" time="4.107" classname="E2E_project.inputFormSubmit_testcase3"/>
  <system-out/>
</testsuite> <!-- E2E_project.inputFormSubmit_testcase3 -->
