<?xml version="1.0" encoding="UTF-8"?>
<!-- Generated by org.testng.reporters.JUnitReportReporter -->
<testsuite skipped="0" hostname="IN2321829W2" name="E2E_project.inputform_testcase1" tests="1" failures="0" timestamp="2021-05-09T17:26:50 IST" time="3.227" errors="0">
  <testcase name="selectInputForm1" time="3.227" classname="E2E_project.inputform_testcase1"/>
  <system-out>
entered into homepage entered into InputForm entered into simpleFormDemo_m entered into inputdataForms_m  </system-out>
</testsuite> <!-- E2E_project.inputform_testcase1 -->
