<?xml version="1.0" encoding="UTF-8"?>
<!-- Generated by org.testng.reporters.JUnitReportReporter -->
<testsuite skipped="0" hostname="IN2321829W2" name="E2E_project.javaScript_testcase5" tests="1" failures="0" timestamp="2021-05-09T17:26:50 IST" time="14.347" errors="0">
  <testcase name="javaScript_testcase5_m" time="14.347" classname="E2E_project.javaScript_testcase5"/>
  <system-out/>
</testsuite> <!-- E2E_project.javaScript_testcase5 -->
