<?xml version="1.0" encoding="UTF-8"?>
<!-- Generated by org.testng.reporters.JUnitReportReporter -->
<testsuite skipped="0" hostname="IN2321829W2" name="E2E_project.table_testcase7_SoftAssert" tests="2" failures="0" timestamp="2021-05-09T17:26:50 IST" time="34.212" errors="0">
  <testcase name="table_SA_tc6_m" time="17.621" classname="E2E_project.table_testcase7_SoftAssert"/>
  <system-out/>
  <testcase name="table_SA_tc6_1_m" time="16.591" classname="E2E_project.table_testcase7_SoftAssert"/>
  <system-out/>
</testsuite> <!-- E2E_project.table_testcase7_SoftAssert -->
