<?xml version="1.0" encoding="UTF-8"?>
<!-- Generated by org.testng.reporters.JUnitReportReporter -->
<testsuite skipped="0" hostname="IN2321829W2" name="E2E_project.dropDown_testcase2" tests="1" failures="0" timestamp="2021-05-09T17:26:50 IST" time="2.097" errors="0">
  <testcase name="dropDown_m" time="2.097" classname="E2E_project.dropDown_testcase2"/>
  <system-out/>
</testsuite> <!-- E2E_project.dropDown_testcase2 -->
