<?xml version="1.0" encoding="UTF-8"?>
<!-- Generated by org.testng.reporters.JUnitReportReporter -->
<testsuite skipped="0" hostname="IN2321829W2" name="E2E_project.actionClass_testcase4" tests="1" failures="0" timestamp="2021-05-09T17:26:50 IST" time="4.241" errors="0">
  <testcase name="actionClass_tc4_m" time="4.241" classname="E2E_project.actionClass_testcase4"/>
  <system-out/>
</testsuite> <!-- E2E_project.actionClass_testcase4 -->
