<?xml version="1.0" encoding="UTF-8"?>
<!-- Generated by org.testng.reporters.JUnitReportReporter -->
<testsuite hostname="IN2321829W2" name="E2E_project.table_testcase6_SoftAssert" tests="2" failures="0" timestamp="3 May 2021 16:41:44 GMT" time="64.022" errors="0">
  <testcase name="table_SA_tc6_m" time="37.732" classname="E2E_project.table_testcase6_SoftAssert"/>
  <testcase name="table_SA_tc6_1_m" time="26.290" classname="E2E_project.table_testcase6_SoftAssert"/>
</testsuite> <!-- E2E_project.table_testcase6_SoftAssert -->
